C:\Program Files (x86)\Microchip\GestIC-SDK\demos\console\Dynamic-Debug\cl.command.1.tlog
C:\Program Files (x86)\Microchip\GestIC-SDK\demos\console\Dynamic-Debug\CL.read.1.tlog
C:\Program Files (x86)\Microchip\GestIC-SDK\demos\console\Dynamic-Debug\CL.write.1.tlog
C:\Program Files (x86)\Microchip\GestIC-SDK\demos\console\Dynamic-Debug\console.exe.embed.manifest
C:\PROGRAM FILES (X86)\MICROCHIP\GESTIC-SDK\DEMOS\CONSOLE\DYNAMIC-DEBUG\CONSOLE.EXE.EMBED.MANIFEST.RES
C:\PROGRAM FILES (X86)\MICROCHIP\GESTIC-SDK\DEMOS\CONSOLE\DYNAMIC-DEBUG\CONSOLE.EXE.INTERMEDIATE.MANIFEST
C:\Program Files (x86)\Microchip\GestIC-SDK\demos\console\Dynamic-Debug\console.vcxprojResolveAssemblyReference.cache
C:\Program Files (x86)\Microchip\GestIC-SDK\demos\console\Dynamic-Debug\console.write.1.tlog
C:\Program Files (x86)\Microchip\GestIC-SDK\demos\console\Dynamic-Debug\console_manifest.rc
C:\PROGRAM FILES (X86)\MICROCHIP\GESTIC-SDK\DEMOS\CONSOLE\DYNAMIC-DEBUG\GESTIC.OBJ
C:\Program Files (x86)\Microchip\GestIC-SDK\demos\console\Dynamic-Debug\link.command.1.tlog
C:\Program Files (x86)\Microchip\GestIC-SDK\demos\console\Dynamic-Debug\link.read.1.tlog
C:\Program Files (x86)\Microchip\GestIC-SDK\demos\console\Dynamic-Debug\link.write.1.tlog
C:\PROGRAM FILES (X86)\MICROCHIP\GESTIC-SDK\DEMOS\CONSOLE\DYNAMIC-DEBUG\MAIN.OBJ
C:\PROGRAM FILES (X86)\MICROCHIP\GESTIC-SDK\DEMOS\CONSOLE\DYNAMIC-DEBUG\MENU.OBJ
C:\Program Files (x86)\Microchip\GestIC-SDK\demos\console\Dynamic-Debug\mt.command.1.tlog
C:\Program Files (x86)\Microchip\GestIC-SDK\demos\console\Dynamic-Debug\mt.read.1.tlog
C:\Program Files (x86)\Microchip\GestIC-SDK\demos\console\Dynamic-Debug\mt.write.1.tlog
C:\Program Files (x86)\Microchip\GestIC-SDK\demos\console\Dynamic-Debug\rc.command.1.tlog
C:\Program Files (x86)\Microchip\GestIC-SDK\demos\console\Dynamic-Debug\rc.read.1.tlog
C:\Program Files (x86)\Microchip\GestIC-SDK\demos\console\Dynamic-Debug\rc.write.1.tlog
C:\PROGRAM FILES (X86)\MICROCHIP\GESTIC-SDK\DEMOS\CONSOLE\DYNAMIC-DEBUG\TCPCLIENT.OBJ
C:\Program Files (x86)\Microchip\GestIC-SDK\demos\console\Dynamic-Debug\vc100.idb
C:\PROGRAM FILES (X86)\MICROCHIP\GESTIC-SDK\DEMOS\CONSOLE\DYNAMIC-DEBUG\VC100.PDB
C:\PROGRAM FILES (X86)\MICROCHIP\GESTIC-SDK\DYNAMIC-DEBUG\CONSOLE.EXE
C:\PROGRAM FILES (X86)\MICROCHIP\GESTIC-SDK\DYNAMIC-DEBUG\CONSOLE.PDB
