Build started 7/13/2014 11:29:55 PM.
     1>Project "C:\Program Files (x86)\Microchip\GestIC-SDK\demos\console\console.vcxproj" on node 2 (build target(s)).
     1>InitializeBuildStatus:
         Creating "Dynamic-Debug\console.unsuccessfulbuild" because "AlwaysCreate" was specified.
       ClCompile:
         C:\Program Files (x86)\Microsoft Visual Studio 10.0\VC\bin\CL.exe /c /I..\..\include /ZI /nologo /W3 /WX- /Od /Oy- /D WIN32 /D _DEBUG /D _CONSOLE /D _UNICODE /D UNICODE /Gm /EHsc /RTC1 /MDd /GS /fp:precise /Zc:wchar_t /Zc:forScope /Fo"Dynamic-Debug\\" /Fd"Dynamic-Debug\vc100.pdb" /Gd /TC /analyze- /errorReport:prompt gestic.c
         gestic.c
     1>c:\program files (x86)\microchip\gestic-sdk\demos\console\gestic.c(168): warning C4996: 'sprintf': This function or variable may be unsafe. Consider using sprintf_s instead. To disable deprecation, use _CRT_SECURE_NO_WARNINGS. See online help for details.
                 c:\program files (x86)\microsoft visual studio 10.0\vc\include\stdio.h(371) : see declaration of 'sprintf'
       Link:
         C:\Program Files (x86)\Microsoft Visual Studio 10.0\VC\bin\link.exe /ERRORREPORT:PROMPT /OUT:"C:\Program Files (x86)\Microchip\GestIC-SDK\Dynamic-Debug\console.exe" /INCREMENTAL:NO /NOLOGO kernel32.lib user32.lib gdi32.lib winspool.lib comdlg32.lib advapi32.lib shell32.lib ole32.lib oleaut32.lib uuid.lib odbc32.lib odbccp32.lib /MANIFEST /ManifestFile:"Dynamic-Debug\console.exe.intermediate.manifest" /MANIFESTUAC:"level='asInvoker' uiAccess='false'" /DEBUG /PDB:"C:\Program Files (x86)\Microchip\GestIC-SDK\Dynamic-Debug\console.pdb" /SUBSYSTEM:CONSOLE /TLBID:1 /DYNAMICBASE /NXCOMPAT /IMPLIB:"C:\Program Files (x86)\Microchip\GestIC-SDK\Dynamic-Debug\console.lib" /MACHINE:X86 "Dynamic-Debug\gestic.obj"
         "Dynamic-Debug\main.obj"
         "Dynamic-Debug\menu.obj"
         "Dynamic-Debug\tcpClient.obj"
         "C:\Program Files (x86)\Microchip\GestIC-SDK\Dynamic-Debug\gestic-api.lib"
     1>gestic.obj : warning LNK4075: ignoring '/EDITANDCONTINUE' due to '/INCREMENTAL:NO' specification
         console.vcxproj -> C:\Program Files (x86)\Microchip\GestIC-SDK\Dynamic-Debug\console.exe
       Manifest:
         C:\Program Files (x86)\Microsoft SDKs\Windows\v7.0A\bin\mt.exe /nologo /verbose /outputresource:"C:\Program Files (x86)\Microchip\GestIC-SDK\Dynamic-Debug\console.exe;#1" /manifest "Dynamic-Debug\console.exe.intermediate.manifest"
       PostBuildEvent:
         if exist ..\..\lib\gestic-api.dll copy ..\..\lib\gestic-api.dll C:\Program Files (x86)\Microchip\GestIC-SDK\Dynamic-Debug\
         :VCEnd
       FinalizeBuildStatus:
         Deleting file "Dynamic-Debug\console.unsuccessfulbuild".
         Touching "Dynamic-Debug\console.lastbuildstate".
     1>Done Building Project "C:\Program Files (x86)\Microchip\GestIC-SDK\demos\console\console.vcxproj" (build target(s)).

Build succeeded.

Time Elapsed 00:00:01.94
